This is pdfTeX, Version 3.14159265-2.6-1.40.16 (TeX Live 2015/W32TeX) (preloaded format=pdflatex 2016.4.7)  17 OCT 2016 16:45
entering extended mode
 restricted \write18 enabled.
 %&-line parsing enabled.
**./report.tex
(./report.tex
LaTeX2e <2016/03/31>
Babel <3.9q> and hyphenation patterns for 81 language(s) loaded.

(//workspace.rug.nl/aps/ServerBased/TexLive/2015/texmf-dist/tex/latex/base/arti
cle.cls
Document Class: article 2014/09/29 v1.4h Standard LaTeX document class

(//workspace.rug.nl/aps/ServerBased/TexLive/2015/texmf-dist/tex/latex/base/size
11.clo
File: size11.clo 2014/09/29 v1.4h Standard LaTeX file (size option)
)
\c@part=\count79
\c@section=\count80
\c@subsection=\count81
\c@subsubsection=\count82
\c@paragraph=\count83
\c@subparagraph=\count84
\c@figure=\count85
\c@table=\count86
\abovecaptionskip=\skip41
\belowcaptionskip=\skip42
\bibindent=\dimen102
)
(//workspace.rug.nl/aps/ServerBased/TexLive/2015/texmf-dist/tex/latex/a4wide/a4
wide.sty
Package: a4wide 1994/08/30

(//workspace.rug.nl/aps/ServerBased/TexLive/2015/texmf-dist/tex/latex/ntgclass/
a4.sty
Package: a4 2004/04/15 v1.2g A4 based page layout
))
(//workspace.rug.nl/aps/ServerBased/TexLive/2015/texmf-dist/tex/latex/psnfss/ti
mes.sty
Package: times 2005/04/12 PSNFSS-v9.2a (SPQR) 
)
(//workspace.rug.nl/aps/ServerBased/TexLive/2015/texmf-dist/tex/generic/babel/b
abel.sty
Package: babel 2016/02/24 3.9q The Babel package

(//workspace.rug.nl/aps/ServerBased/TexLive/2015/texmf-dist/tex/generic/babel-e
nglish/english.ldf
Language: english 2012/08/20 v3.3p English support from the babel system

(//workspace.rug.nl/aps/ServerBased/TexLive/2015/texmf-dist/tex/generic/babel/b
abel.def
File: babel.def 2016/02/24 3.9q Babel common definitions
\babel@savecnt=\count87
\U@D=\dimen103
)
\l@canadian = a dialect from \language\l@american 
\l@australian = a dialect from \language\l@british 
\l@newzealand = a dialect from \language\l@british 
))
(//workspace.rug.nl/aps/ServerBased/TexLive/2015/texmf-dist/tex/latex/psnfss/co
urier.sty
Package: courier 2005/04/12 PSNFSS-v9.2a (WaS) 
)
(//workspace.rug.nl/aps/ServerBased/TexLive/2015/texmf-dist/tex/latex/listings/
listings.sty
(//workspace.rug.nl/aps/ServerBased/TexLive/2015/texmf-dist/tex/latex/graphics/
keyval.sty
Package: keyval 2014/10/28 v1.15 key=value parser (DPC)
\KV@toks@=\toks14
)
\lst@mode=\count88
\lst@gtempboxa=\box26
\lst@token=\toks15
\lst@length=\count89
\lst@currlwidth=\dimen104
\lst@column=\count90
\lst@pos=\count91
\lst@lostspace=\dimen105
\lst@width=\dimen106
\lst@newlines=\count92
\lst@lineno=\count93
\lst@maxwidth=\dimen107

(//workspace.rug.nl/aps/ServerBased/TexLive/2015/texmf-dist/tex/latex/listings/
lstmisc.sty
File: lstmisc.sty 2015/06/04 1.6 (Carsten Heinz)
\c@lstnumber=\count94
\lst@skipnumbers=\count95
\lst@framebox=\box27
)
(//workspace.rug.nl/aps/ServerBased/TexLive/2015/texmf-dist/tex/latex/listings/
listings.cfg
File: listings.cfg 2015/06/04 1.6 listings configuration
))
Package: listings 2015/06/04 1.6 (Carsten Heinz)

(//workspace.rug.nl/aps/ServerBased/TexLive/2015/texmf-dist/tex/latex/graphics/
color.sty
Package: color 2016/01/03 v1.1b Standard LaTeX Color (DPC)

(//workspace.rug.nl/aps/ServerBased/TexLive/2015/texmf-dist/tex/latex/latexconf
ig/color.cfg
File: color.cfg 2007/01/18 v1.5 color configuration of teTeX/TeXLive
)
Package color Info: Driver file: pdftex.def on input line 143.

(//workspace.rug.nl/aps/ServerBased/TexLive/2015/texmf-dist/tex/latex/pdftex-de
f/pdftex.def
File: pdftex.def 2011/05/27 v0.06d Graphics/color for pdfTeX

(//workspace.rug.nl/aps/ServerBased/TexLive/2015/texmf-dist/tex/generic/oberdie
k/infwarerr.sty
Package: infwarerr 2010/04/08 v1.3 Providing info/warning/error messages (HO)
)
(//workspace.rug.nl/aps/ServerBased/TexLive/2015/texmf-dist/tex/generic/oberdie
k/ltxcmds.sty
Package: ltxcmds 2011/11/09 v1.22 LaTeX kernel commands for general use (HO)
)
\Gread@gobject=\count96
))
(//workspace.rug.nl/aps/ServerBased/TexLive/2015/texmf-dist/tex/latex/tools/tab
ularx.sty
Package: tabularx 2016/02/03 v2.11 `tabularx' package (DPC)

(//workspace.rug.nl/aps/ServerBased/TexLive/2015/texmf-dist/tex/latex/tools/arr
ay.sty
Package: array 2014/10/28 v2.4c Tabular extension package (FMi)
\col@sep=\dimen108
\extrarowheight=\dimen109
\NC@list=\toks16
\extratabsurround=\skip43
\backup@length=\skip44
)
\TX@col@width=\dimen110
\TX@old@table=\dimen111
\TX@old@col=\dimen112
\TX@target=\dimen113
\TX@delta=\dimen114
\TX@cols=\count97
\TX@ftn=\toks17
)
(//workspace.rug.nl/aps/ServerBased/TexLive/2015/texmf-dist/tex/latex/listings/
lstlang1.sty
File: lstlang1.sty 2015/06/04 1.6 listings language file
)
(//workspace.rug.nl/aps/ServerBased/TexLive/2015/texmf-dist/tex/latex/listings/
lstlang1.sty
File: lstlang1.sty 2015/06/04 1.6 listings language file
)
(//workspace.rug.nl/aps/ServerBased/TexLive/2015/texmf-dist/tex/latex/listings/
lstmisc.sty
File: lstmisc.sty 2015/06/04 1.6 (Carsten Heinz)
) (./report.aux)
\openout1 = `report.aux'.

LaTeX Font Info:    Checking defaults for OML/cmm/m/it on input line 39.
LaTeX Font Info:    ... okay on input line 39.
LaTeX Font Info:    Checking defaults for T1/cmr/m/n on input line 39.
LaTeX Font Info:    ... okay on input line 39.
LaTeX Font Info:    Checking defaults for OT1/cmr/m/n on input line 39.
LaTeX Font Info:    ... okay on input line 39.
LaTeX Font Info:    Checking defaults for OMS/cmsy/m/n on input line 39.
LaTeX Font Info:    ... okay on input line 39.
LaTeX Font Info:    Checking defaults for OMX/cmex/m/n on input line 39.
LaTeX Font Info:    ... okay on input line 39.
LaTeX Font Info:    Checking defaults for U/cmr/m/n on input line 39.
LaTeX Font Info:    ... okay on input line 39.
LaTeX Font Info:    Try loading font information for OT1+ptm on input line 39.

(//workspace.rug.nl/aps/ServerBased/TexLive/2015/texmf-dist/tex/latex/psnfss/ot
1ptm.fd
File: ot1ptm.fd 2001/06/04 font definitions for OT1/ptm.
)
\c@lstlisting=\count98

(//workspace.rug.nl/aps/ServerBased/TexLive/2015/texmf-dist/tex/context/base/su
pp-pdf.mkii
[Loading MPS to PDF converter (version 2006.09.02).]
\scratchcounter=\count99
\scratchdimen=\dimen115
\scratchbox=\box28
\nofMPsegments=\count100
\nofMParguments=\count101
\everyMPshowfont=\toks18
\MPscratchCnt=\count102
\MPscratchDim=\dimen116
\MPnumerator=\count103
\makeMPintoPDFobject=\count104
\everyMPtoPDFconversion=\toks19
)
LaTeX Font Info:    External font `cmex10' loaded for size
(Font)              <12> on input line 51.
LaTeX Font Info:    External font `cmex10' loaded for size
(Font)              <8> on input line 51.
LaTeX Font Info:    External font `cmex10' loaded for size
(Font)              <6> on input line 51.
LaTeX Font Info:    Font shape `OT1/ptm/bx/n' in size <14.4> not available
(Font)              Font shape `OT1/ptm/b/n' tried instead on input line 53.
LaTeX Font Info:    Try loading font information for OT1+pcr on input line 53.

(//workspace.rug.nl/aps/ServerBased/TexLive/2015/texmf-dist/tex/latex/psnfss/ot
1pcr.fd
File: ot1pcr.fd 2001/06/04 font definitions for OT1/pcr.
)
LaTeX Font Info:    Font shape `OT1/pcr/bx/n' in size <14.4> not available
(Font)              Font shape `OT1/pcr/b/n' tried instead on input line 53.
LaTeX Font Info:    Font shape `OT1/ptm/bx/n' in size <12> not available
(Font)              Font shape `OT1/ptm/b/n' tried instead on input line 56.
LaTeX Font Info:    Font shape `OT1/pcr/bx/n' in size <12> not available
(Font)              Font shape `OT1/pcr/b/n' tried instead on input line 56.
LaTeX Font Info:    Try loading font information for OMS+pcr on input line 65.

(//workspace.rug.nl/aps/ServerBased/TexLive/2015/texmf-dist/tex/latex/psnfss/om
spcr.fd
File: omspcr.fd 
)
LaTeX Font Info:    Font shape `OMS/pcr/m/n' in size <10.95> not available
(Font)              Font shape `OMS/cmsy/m/n' tried instead on input line 65.
 (./src/a40 [1

{//workspace.rug.nl/aps/ServerBased/TexLive/2015/texmf-var/fonts/map/pdftex/upd
map/pdftex.map}]) [2] (./src/a42/strings/strings.h
[3]) (./src/a42/strings/destructor.cc) (./src/a43/strings/strings.h [4])
(./src/a43/strings/at1.cc) (./src/a43/strings/at2.cc)
(./src/a43/strings/addstring1.cc) (./src/a43/strings/addstring2.cc [5])
(./src/a43/strings/capacity.cc) (./src/a43/strings/destructor.cc)
(./src/a43/strings/reserve.cc) (./src/a43/strings/resize.cc [6])
(./src/a44/strings/strings.h [7]) (./src/a44/strings/at1.cc)
(./src/a44/strings/at2.cc) (./src/a44/strings/addstring1.cc)
(./src/a44/strings/addstring2.cc) (./src/a44/strings/capacity.cc [8])
(./src/a44/strings/destructor.cc) (./src/a44/strings/reserve.cc)
(./src/a44/strings/resize.cc) [9] [10] (./report.aux) ) 
Here is how much of TeX's memory you used:
 3176 strings out of 493027
 46245 string characters out of 6137240
 203260 words of memory out of 5000000
 6637 multiletter control sequences out of 15000+600000
 16992 words of font info for 42 fonts, out of 8000000 for 9000
 1141 hyphenation exceptions out of 8191
 33i,6n,58p,220b,1585s stack positions out of 5000i,500n,10000p,200000b,80000s
{//workspace.rug.nl/aps/
ServerBased/TexLive/2015/texmf-dist/fonts/enc/dvips/base/8r.enc}<//workspace.ru
g.nl/aps/ServerBased/TexLive/2015/texmf-dist/fonts/type1/public/amsfonts/cm/cms
y10.pfb><//workspace.rug.nl/aps/ServerBased/TexLive/2015/texmf-dist/fonts/type1
/urw/courier/ucrb8a.pfb><//workspace.rug.nl/aps/ServerBased/TexLive/2015/texmf-
dist/fonts/type1/urw/courier/ucrr8a.pfb><//workspace.rug.nl/aps/ServerBased/Tex
Live/2015/texmf-dist/fonts/type1/urw/times/utmb8a.pfb><//workspace.rug.nl/aps/S
erverBased/TexLive/2015/texmf-dist/fonts/type1/urw/times/utmr8a.pfb>
Output written on report.pdf (10 pages, 73836 bytes).
PDF statistics:
 58 PDF objects out of 1000 (max. 8388607)
 40 compressed objects within 1 object stream
 0 named destinations out of 1000 (max. 500000)
 1 words of extra memory for PDF output out of 10000 (max. 10000000)

